<?xml version="1.0" encoding="UTF-8"?>
<!-- Generated by org.testng.reporters.JUnitReportReporter -->
<testsuite hostname="jaykishore-PC" failures="0" tests="4" name="Api.test.UserTests2" time="0.918" errors="0" timestamp="2024-02-01T22:52:31 GMT-05:00" skipped="0">
  <testcase classname="Api.test.UserTests2" name="testPostUser" time="0.228"/>
  <system-out/>
  <testcase classname="Api.test.UserTests2" name="testGetUserByName" time="0.171"/>
  <system-out/>
  <testcase classname="Api.test.UserTests2" name="testUpdateByName" time="0.349"/>
  <system-out/>
  <testcase classname="Api.test.UserTests2" name="testDeleteUserByName" time="0.170"/>
  <system-out/>
</testsuite> <!-- Api.test.UserTests2 -->
