<?xml version="1.0" encoding="UTF-8"?>
<!-- Generated by org.testng.reporters.JUnitReportReporter -->
<testsuite hostname="jaykishore-PC" failures="0" tests="4" name="Api.test.UserTests" time="4.160" errors="0" timestamp="2024-01-30T23:16:51 GMT-05:00" skipped="0">
  <testcase classname="Api.test.UserTests" name="testPostUser" time="3.416"/>
  <system-out/>
  <testcase classname="Api.test.UserTests" name="testGetUserByName" time="0.193"/>
  <system-out/>
  <testcase classname="Api.test.UserTests" name="testUpdateByName" time="0.361"/>
  <system-out/>
  <testcase classname="Api.test.UserTests" name="testDeleteUserByName" time="0.190"/>
  <system-out/>
</testsuite> <!-- Api.test.UserTests -->
