<?xml version="1.0" encoding="UTF-8"?>
<!-- Generated by org.testng.reporters.JUnitReportReporter -->
<testsuite hostname="jaykishore-PC" failures="0" tests="4" name="Api.test.UserTests2" time="3.841" errors="0" timestamp="2024-01-30T23:19:33 GMT-05:00" skipped="0">
  <testcase classname="Api.test.UserTests2" name="testPostUser" time="2.991"/>
  <system-out/>
  <testcase classname="Api.test.UserTests2" name="testGetUserByName" time="0.223"/>
  <system-out/>
  <testcase classname="Api.test.UserTests2" name="testUpdateByName" time="0.444"/>
  <system-out/>
  <testcase classname="Api.test.UserTests2" name="testDeleteUserByName" time="0.183"/>
  <system-out/>
</testsuite> <!-- Api.test.UserTests2 -->
