<?xml version="1.0" encoding="UTF-8"?>
<!-- Generated by org.testng.reporters.JUnitReportReporter -->
<testsuite hostname="jaykishore-PC" failures="0" tests="4" name="Api.test.UserTests" time="4.946" errors="0" timestamp="2024-02-01T22:52:31 GMT-05:00" skipped="0">
  <testcase classname="Api.test.UserTests" name="testPostUser" time="4.050"/>
  <system-out/>
  <testcase classname="Api.test.UserTests" name="testGetUserByName" time="0.329"/>
  <system-out/>
  <testcase classname="Api.test.UserTests" name="testUpdateByName" time="0.396"/>
  <system-out/>
  <testcase classname="Api.test.UserTests" name="testDeleteUserByName" time="0.171"/>
  <system-out/>
</testsuite> <!-- Api.test.UserTests -->
