<?xml version="1.0" encoding="UTF-8"?>
<!-- Generated by org.testng.reporters.JUnitReportReporter -->
<testsuite hostname="jaykishore-PC" failures="0" tests="4" name="Api.test.UserTests2" time="12.365" errors="0" timestamp="2024-02-01T15:37:18 GMT-05:00" skipped="0">
  <testcase classname="Api.test.UserTests2" name="testPostUser" time="11.594"/>
  <system-out/>
  <testcase classname="Api.test.UserTests2" name="testGetUserByName" time="0.208"/>
  <system-out/>
  <testcase classname="Api.test.UserTests2" name="testUpdateByName" time="0.404"/>
  <system-out/>
  <testcase classname="Api.test.UserTests2" name="testDeleteUserByName" time="0.159"/>
  <system-out/>
</testsuite> <!-- Api.test.UserTests2 -->
